<?xml version="1.0" encoding="UTF-8"?>
<testng-results ignored="0" total="1" passed="1" failed="0" skipped="0">
  <reporter-output>
  </reporter-output>
  <suite started-at="2021-07-23T06:58:06Z" name="Default suite" finished-at="2021-07-23T06:58:15Z" duration-ms="9379">
    <groups>
    </groups>
    <test started-at="2021-07-23T06:58:06Z" name="Default test" finished-at="2021-07-23T06:58:15Z" duration-ms="9379">
      <class name="MyRelativeXpath">
        <test-method signature="ShowRelativeXpath()[pri:0, instance:MyRelativeXpath@6304101a]" started-at="2021-07-23T06:58:06Z" name="ShowRelativeXpath" finished-at="2021-07-23T06:58:15Z" duration-ms="9318" status="PASS">
          <reporter-output>
          </reporter-output>
        </test-method> <!-- ShowRelativeXpath -->
      </class> <!-- MyRelativeXpath -->
    </test> <!-- Default test -->
  </suite> <!-- Default suite -->
</testng-results>
